This file contains any messages produced by compilers while
running configure, to aid debugging if configure makes a mistake.

It was created by configure, which was
generated by GNU Autoconf 2.68.  Invocation command line was

  $ ./configure 

## --------- ##
## Platform. ##
## --------- ##

hostname = ghis-K55VJ
uname -m = x86_64
uname -r = 3.2.0-37-generic
uname -s = Linux
uname -v = #58-Ubuntu SMP Thu Jan 24 15:28:10 UTC 2013

/usr/bin/uname -p = unknown
/bin/uname -X     = unknown

/bin/arch              = unknown
/usr/bin/arch -k       = unknown
/usr/convex/getsysinfo = unknown
/usr/bin/hostinfo      = unknown
/bin/machine           = unknown
/usr/bin/oslevel       = unknown
/bin/universe          = unknown

PATH: /home/ghis/.rvm/gems/ruby-1.9.3-p362/bin
PATH: /home/ghis/.rvm/gems/ruby-1.9.3-p362@global/bin
PATH: /home/ghis/.rvm/rubies/ruby-1.9.3-p362/bin
PATH: /home/ghis/.rvm/bin
PATH: /usr/lib/lightdm/lightdm
PATH: /usr/local/sbin
PATH: /usr/local/bin
PATH: /usr/sbin
PATH: /usr/bin
PATH: /sbin
PATH: /bin
PATH: /usr/games
PATH: /usr/share/applications
PATH: /home/ghis/.rvm/bin


## ----------- ##
## Core tests. ##
## ----------- ##

configure:2408: checking for a BSD-compatible install
configure:2476: result: /usr/bin/install -c
configure:2487: checking whether build environment is sane
configure:2537: result: yes
configure:2678: checking for a thread-safe mkdir -p
configure:2717: result: /bin/mkdir -p
configure:2730: checking for gawk
configure:2760: result: no
configure:2730: checking for mawk
configure:2746: found /usr/bin/mawk
configure:2757: result: mawk
configure:2768: checking whether make sets $(MAKE)
configure:2790: result: yes
configure:2934: checking for g++
configure:2950: found /usr/bin/g++
configure:2961: result: g++
configure:2988: checking for C++ compiler version
configure:2997: g++ --version >&5
g++ (Ubuntu/Linaro 4.6.3-1ubuntu5) 4.6.3
Copyright (C) 2011 Free Software Foundation, Inc.
This is free software; see the source for copying conditions.  There is NO
warranty; not even for MERCHANTABILITY or FITNESS FOR A PARTICULAR PURPOSE.

configure:3008: $? = 0
configure:2997: g++ -v >&5
Using built-in specs.
COLLECT_GCC=g++
COLLECT_LTO_WRAPPER=/usr/lib/gcc/x86_64-linux-gnu/4.6/lto-wrapper
Target: x86_64-linux-gnu
Configured with: ../src/configure -v --with-pkgversion='Ubuntu/Linaro 4.6.3-1ubuntu5' --with-bugurl=file:///usr/share/doc/gcc-4.6/README.Bugs --enable-languages=c,c++,fortran,objc,obj-c++ --prefix=/usr --program-suffix=-4.6 --enable-shared --enable-linker-build-id --with-system-zlib --libexecdir=/usr/lib --without-included-gettext --enable-threads=posix --with-gxx-include-dir=/usr/include/c++/4.6 --libdir=/usr/lib --enable-nls --with-sysroot=/ --enable-clocale=gnu --enable-libstdcxx-debug --enable-libstdcxx-time=yes --enable-gnu-unique-object --enable-plugin --enable-objc-gc --disable-werror --with-arch-32=i686 --with-tune=generic --enable-checking=release --build=x86_64-linux-gnu --host=x86_64-linux-gnu --target=x86_64-linux-gnu
Thread model: posix
gcc version 4.6.3 (Ubuntu/Linaro 4.6.3-1ubuntu5) 
configure:3008: $? = 0
configure:2997: g++ -V >&5
g++: error: unrecognized option '-V'
g++: fatal error: no input files
compilation terminated.
configure:3008: $? = 4
configure:2997: g++ -qversion >&5
g++: error: unrecognized option '-qversion'
g++: fatal error: no input files
compilation terminated.
configure:3008: $? = 4
configure:3028: checking whether the C++ compiler works
configure:3050: g++    conftest.cpp  >&5
configure:3054: $? = 0
configure:3102: result: yes
configure:3105: checking for C++ compiler default output file name
configure:3107: result: a.out
configure:3113: checking for suffix of executables
configure:3120: g++ -o conftest    conftest.cpp  >&5
configure:3124: $? = 0
configure:3146: result: 
configure:3168: checking whether we are cross compiling
configure:3176: g++ -o conftest    conftest.cpp  >&5
configure:3180: $? = 0
configure:3187: ./conftest
configure:3191: $? = 0
configure:3206: result: no
configure:3211: checking for suffix of object files
configure:3233: g++ -c   conftest.cpp >&5
configure:3237: $? = 0
configure:3258: result: o
configure:3262: checking whether we are using the GNU C++ compiler
configure:3281: g++ -c   conftest.cpp >&5
configure:3281: $? = 0
configure:3290: result: yes
configure:3299: checking whether g++ accepts -g
configure:3319: g++ -c -g  conftest.cpp >&5
configure:3319: $? = 0
configure:3360: result: yes
configure:3394: checking for style of include used by make
configure:3422: result: GNU
configure:3448: checking dependency style of g++
configure:3559: result: gcc3
configure:3622: checking for gcc
configure:3638: found /usr/bin/gcc
configure:3649: result: gcc
configure:3878: checking for C compiler version
configure:3887: gcc --version >&5
gcc (Ubuntu/Linaro 4.6.3-1ubuntu5) 4.6.3
Copyright (C) 2011 Free Software Foundation, Inc.
This is free software; see the source for copying conditions.  There is NO
warranty; not even for MERCHANTABILITY or FITNESS FOR A PARTICULAR PURPOSE.

configure:3898: $? = 0
configure:3887: gcc -v >&5
Using built-in specs.
COLLECT_GCC=gcc
COLLECT_LTO_WRAPPER=/usr/lib/gcc/x86_64-linux-gnu/4.6/lto-wrapper
Target: x86_64-linux-gnu
Configured with: ../src/configure -v --with-pkgversion='Ubuntu/Linaro 4.6.3-1ubuntu5' --with-bugurl=file:///usr/share/doc/gcc-4.6/README.Bugs --enable-languages=c,c++,fortran,objc,obj-c++ --prefix=/usr --program-suffix=-4.6 --enable-shared --enable-linker-build-id --with-system-zlib --libexecdir=/usr/lib --without-included-gettext --enable-threads=posix --with-gxx-include-dir=/usr/include/c++/4.6 --libdir=/usr/lib --enable-nls --with-sysroot=/ --enable-clocale=gnu --enable-libstdcxx-debug --enable-libstdcxx-time=yes --enable-gnu-unique-object --enable-plugin --enable-objc-gc --disable-werror --with-arch-32=i686 --with-tune=generic --enable-checking=release --build=x86_64-linux-gnu --host=x86_64-linux-gnu --target=x86_64-linux-gnu
Thread model: posix
gcc version 4.6.3 (Ubuntu/Linaro 4.6.3-1ubuntu5) 
configure:3898: $? = 0
configure:3887: gcc -V >&5
gcc: error: unrecognized option '-V'
gcc: fatal error: no input files
compilation terminated.
configure:3898: $? = 4
configure:3887: gcc -qversion >&5
gcc: error: unrecognized option '-qversion'
gcc: fatal error: no input files
compilation terminated.
configure:3898: $? = 4
configure:3902: checking whether we are using the GNU C compiler
configure:3921: gcc -c   conftest.c >&5
configure:3921: $? = 0
configure:3930: result: yes
configure:3939: checking whether gcc accepts -g
configure:3959: gcc -c -g  conftest.c >&5
configure:3959: $? = 0
configure:4000: result: yes
configure:4017: checking for gcc option to accept ISO C89
configure:4081: gcc  -c -g -O2  conftest.c >&5
configure:4081: $? = 0
configure:4094: result: none needed
configure:4116: checking dependency style of gcc
configure:4227: result: gcc3
configure:4247: checking how to run the C preprocessor
configure:4278: gcc -E  conftest.c
configure:4278: $? = 0
configure:4292: gcc -E  conftest.c
conftest.c:11:28: fatal error: ac_nonexistent.h: No such file or directory
compilation terminated.
configure:4292: $? = 1
configure: failed program was:
| /* confdefs.h */
| #define PACKAGE_NAME ""
| #define PACKAGE_TARNAME ""
| #define PACKAGE_VERSION ""
| #define PACKAGE_STRING ""
| #define PACKAGE_BUGREPORT ""
| #define PACKAGE_URL ""
| #define PACKAGE "swath"
| #define VERSION "0.3.1"
| /* end confdefs.h.  */
| #include <ac_nonexistent.h>
configure:4317: result: gcc -E
configure:4337: gcc -E  conftest.c
configure:4337: $? = 0
configure:4351: gcc -E  conftest.c
conftest.c:11:28: fatal error: ac_nonexistent.h: No such file or directory
compilation terminated.
configure:4351: $? = 1
configure: failed program was:
| /* confdefs.h */
| #define PACKAGE_NAME ""
| #define PACKAGE_TARNAME ""
| #define PACKAGE_VERSION ""
| #define PACKAGE_STRING ""
| #define PACKAGE_BUGREPORT ""
| #define PACKAGE_URL ""
| #define PACKAGE "swath"
| #define VERSION "0.3.1"
| /* end confdefs.h.  */
| #include <ac_nonexistent.h>
configure:4380: checking whether ln -s works
configure:4384: result: yes
configure:4391: checking whether make sets $(MAKE)
configure:4413: result: yes
configure:4451: checking build system type
configure:4465: result: x86_64-unknown-linux-gnu
configure:4485: checking host system type
configure:4498: result: x86_64-unknown-linux-gnu
configure:4539: checking how to print strings
configure:4566: result: printf
configure:4587: checking for a sed that does not truncate output
configure:4651: result: /bin/sed
configure:4669: checking for grep that handles long lines and -e
configure:4727: result: /bin/grep
configure:4732: checking for egrep
configure:4794: result: /bin/grep -E
configure:4799: checking for fgrep
configure:4861: result: /bin/grep -F
configure:4896: checking for ld used by gcc
configure:4963: result: /usr/bin/ld
configure:4970: checking if the linker (/usr/bin/ld) is GNU ld
configure:4985: result: yes
configure:4997: checking for BSD- or MS-compatible name lister (nm)
configure:5046: result: /usr/bin/nm -B
configure:5176: checking the name lister (/usr/bin/nm -B) interface
configure:5183: gcc -c -g -O2  conftest.c >&5
configure:5186: /usr/bin/nm -B "conftest.o"
configure:5189: output
0000000000000000 B some_variable
configure:5196: result: BSD nm
configure:5200: checking the maximum length of command line arguments
configure:5330: result: 1572864
configure:5347: checking whether the shell understands some XSI constructs
configure:5357: result: yes
configure:5361: checking whether the shell understands "+="
configure:5367: result: yes
configure:5402: checking how to convert x86_64-unknown-linux-gnu file names to x86_64-unknown-linux-gnu format
configure:5442: result: func_convert_file_noop
configure:5449: checking how to convert x86_64-unknown-linux-gnu file names to toolchain format
configure:5469: result: func_convert_file_noop
configure:5476: checking for /usr/bin/ld option to reload object files
configure:5483: result: -r
configure:5557: checking for objdump
configure:5573: found /usr/bin/objdump
configure:5584: result: objdump
configure:5616: checking how to recognize dependent libraries
configure:5818: result: pass_all
configure:5903: checking for dlltool
configure:5933: result: no
configure:5963: checking how to associate runtime and link libraries
configure:5990: result: printf %s\n
configure:6051: checking for ar
configure:6067: found /usr/bin/ar
configure:6078: result: ar
configure:6115: checking for archiver @FILE support
configure:6132: gcc -c -g -O2  conftest.c >&5
configure:6132: $? = 0
configure:6135: ar cru libconftest.a @conftest.lst >&5
configure:6138: $? = 0
configure:6143: ar cru libconftest.a @conftest.lst >&5
ar: conftest.o: No such file or directory
configure:6146: $? = 1
configure:6158: result: @
configure:6216: checking for strip
configure:6232: found /usr/bin/strip
configure:6243: result: strip
configure:6315: checking for ranlib
configure:6331: found /usr/bin/ranlib
configure:6342: result: ranlib
configure:6444: checking command to parse /usr/bin/nm -B output from gcc object
configure:6564: gcc -c -g -O2  conftest.c >&5
configure:6567: $? = 0
configure:6571: /usr/bin/nm -B conftest.o \| sed -n -e 's/^.*[ ]\([ABCDGIRSTW][ABCDGIRSTW]*\)[ ][ ]*\([_A-Za-z][_A-Za-z0-9]*\)$/\1 \2 \2/p' | sed '/ __gnu_lto/d' \> conftest.nm
configure:6574: $? = 0
configure:6640: gcc -o conftest -g -O2   conftest.c conftstm.o >&5
configure:6643: $? = 0
configure:6681: result: ok
configure:6718: checking for sysroot
configure:6748: result: no
configure:6825: gcc -c -g -O2  conftest.c >&5
configure:6828: $? = 0
configure:7004: checking for mt
configure:7020: found /bin/mt
configure:7031: result: mt
configure:7054: checking if mt is a manifest tool
configure:7060: mt '-?'
configure:7068: result: no
configure:7706: checking for ANSI C header files
configure:7726: gcc -c -g -O2  conftest.c >&5
configure:7726: $? = 0
configure:7799: gcc -o conftest -g -O2   conftest.c  >&5
configure:7799: $? = 0
configure:7799: ./conftest
configure:7799: $? = 0
configure:7810: result: yes
configure:7823: checking for sys/types.h
configure:7823: gcc -c -g -O2  conftest.c >&5
configure:7823: $? = 0
configure:7823: result: yes
configure:7823: checking for sys/stat.h
configure:7823: gcc -c -g -O2  conftest.c >&5
configure:7823: $? = 0
configure:7823: result: yes
configure:7823: checking for stdlib.h
configure:7823: gcc -c -g -O2  conftest.c >&5
configure:7823: $? = 0
configure:7823: result: yes
configure:7823: checking for string.h
configure:7823: gcc -c -g -O2  conftest.c >&5
configure:7823: $? = 0
configure:7823: result: yes
configure:7823: checking for memory.h
configure:7823: gcc -c -g -O2  conftest.c >&5
configure:7823: $? = 0
configure:7823: result: yes
configure:7823: checking for strings.h
configure:7823: gcc -c -g -O2  conftest.c >&5
configure:7823: $? = 0
configure:7823: result: yes
configure:7823: checking for inttypes.h
configure:7823: gcc -c -g -O2  conftest.c >&5
configure:7823: $? = 0
configure:7823: result: yes
configure:7823: checking for stdint.h
configure:7823: gcc -c -g -O2  conftest.c >&5
configure:7823: $? = 0
configure:7823: result: yes
configure:7823: checking for unistd.h
configure:7823: gcc -c -g -O2  conftest.c >&5
configure:7823: $? = 0
configure:7823: result: yes
configure:7837: checking for dlfcn.h
configure:7837: gcc -c -g -O2  conftest.c >&5
configure:7837: $? = 0
configure:7837: result: yes
configure:8054: checking for objdir
configure:8069: result: .libs
configure:8336: checking if gcc supports -fno-rtti -fno-exceptions
configure:8354: gcc -c -g -O2  -fno-rtti -fno-exceptions conftest.c >&5
cc1: warning: command line option '-fno-rtti' is valid for C++/ObjC++ but not for C [enabled by default]
configure:8358: $? = 0
configure:8371: result: no
configure:8698: checking for gcc option to produce PIC
configure:8705: result: -fPIC -DPIC
configure:8713: checking if gcc PIC flag -fPIC -DPIC works
configure:8731: gcc -c -g -O2  -fPIC -DPIC -DPIC conftest.c >&5
configure:8735: $? = 0
configure:8748: result: yes
configure:8777: checking if gcc static flag -static works
configure:8805: result: yes
configure:8820: checking if gcc supports -c -o file.o
configure:8841: gcc -c -g -O2  -o out/conftest2.o conftest.c >&5
configure:8845: $? = 0
configure:8867: result: yes
configure:8875: checking if gcc supports -c -o file.o
configure:8922: result: yes
configure:8955: checking whether the gcc linker (/usr/bin/ld -m elf_x86_64) supports shared libraries
configure:10112: result: yes
configure:10149: checking whether -lc should be explicitly linked in
configure:10157: gcc -c -g -O2  conftest.c >&5
configure:10160: $? = 0
configure:10175: gcc -shared  -fPIC -DPIC conftest.o  -v -Wl,-soname -Wl,conftest -o conftest 2\>\&1 \| /bin/grep  -lc  \>/dev/null 2\>\&1
configure:10178: $? = 0
configure:10192: result: no
configure:10352: checking dynamic linker characteristics
configure:10863: gcc -o conftest -g -O2   -Wl,-rpath -Wl,/foo conftest.c  >&5
configure:10863: $? = 0
configure:11097: result: GNU/Linux ld.so
configure:11204: checking how to hardcode library paths into programs
configure:11229: result: immediate
configure:11769: checking whether stripping libraries is possible
configure:11774: result: yes
configure:11809: checking if libtool supports shared libraries
configure:11811: result: yes
configure:11814: checking whether to build shared libraries
configure:11835: result: yes
configure:11838: checking whether to build static libraries
configure:11842: result: yes
configure:11865: checking how to run the C++ preprocessor
configure:11892: g++ -E  conftest.cpp
configure:11892: $? = 0
configure:11906: g++ -E  conftest.cpp
conftest.cpp:23:28: fatal error: ac_nonexistent.h: No such file or directory
compilation terminated.
configure:11906: $? = 1
configure: failed program was:
| /* confdefs.h */
| #define PACKAGE_NAME ""
| #define PACKAGE_TARNAME ""
| #define PACKAGE_VERSION ""
| #define PACKAGE_STRING ""
| #define PACKAGE_BUGREPORT ""
| #define PACKAGE_URL ""
| #define PACKAGE "swath"
| #define VERSION "0.3.1"
| #define STDC_HEADERS 1
| #define HAVE_SYS_TYPES_H 1
| #define HAVE_SYS_STAT_H 1
| #define HAVE_STDLIB_H 1
| #define HAVE_STRING_H 1
| #define HAVE_MEMORY_H 1
| #define HAVE_STRINGS_H 1
| #define HAVE_INTTYPES_H 1
| #define HAVE_STDINT_H 1
| #define HAVE_UNISTD_H 1
| #define HAVE_DLFCN_H 1
| #define LT_OBJDIR ".libs/"
| /* end confdefs.h.  */
| #include <ac_nonexistent.h>
configure:11931: result: g++ -E
configure:11951: g++ -E  conftest.cpp
configure:11951: $? = 0
configure:11965: g++ -E  conftest.cpp
conftest.cpp:23:28: fatal error: ac_nonexistent.h: No such file or directory
compilation terminated.
configure:11965: $? = 1
configure: failed program was:
| /* confdefs.h */
| #define PACKAGE_NAME ""
| #define PACKAGE_TARNAME ""
| #define PACKAGE_VERSION ""
| #define PACKAGE_STRING ""
| #define PACKAGE_BUGREPORT ""
| #define PACKAGE_URL ""
| #define PACKAGE "swath"
| #define VERSION "0.3.1"
| #define STDC_HEADERS 1
| #define HAVE_SYS_TYPES_H 1
| #define HAVE_SYS_STAT_H 1
| #define HAVE_STDLIB_H 1
| #define HAVE_STRING_H 1
| #define HAVE_MEMORY_H 1
| #define HAVE_STRINGS_H 1
| #define HAVE_INTTYPES_H 1
| #define HAVE_STDINT_H 1
| #define HAVE_UNISTD_H 1
| #define HAVE_DLFCN_H 1
| #define LT_OBJDIR ".libs/"
| /* end confdefs.h.  */
| #include <ac_nonexistent.h>
configure:12134: checking for ld used by g++
configure:12201: result: /usr/bin/ld -m elf_x86_64
configure:12208: checking if the linker (/usr/bin/ld -m elf_x86_64) is GNU ld
configure:12223: result: yes
configure:12278: checking whether the g++ linker (/usr/bin/ld -m elf_x86_64) supports shared libraries
configure:13283: result: yes
configure:13319: g++ -c -g -O2  conftest.cpp >&5
configure:13322: $? = 0
configure:13842: checking for g++ option to produce PIC
configure:13849: result: -fPIC -DPIC
configure:13857: checking if g++ PIC flag -fPIC -DPIC works
configure:13875: g++ -c -g -O2  -fPIC -DPIC -DPIC conftest.cpp >&5
configure:13879: $? = 0
configure:13892: result: yes
configure:13915: checking if g++ static flag -static works
configure:13943: result: yes
configure:13955: checking if g++ supports -c -o file.o
configure:13976: g++ -c -g -O2  -o out/conftest2.o conftest.cpp >&5
configure:13980: $? = 0
configure:14002: result: yes
configure:14007: checking if g++ supports -c -o file.o
configure:14054: result: yes
configure:14084: checking whether the g++ linker (/usr/bin/ld -m elf_x86_64) supports shared libraries
configure:14123: result: yes
configure:14264: checking dynamic linker characteristics
configure:14943: result: GNU/Linux ld.so
configure:14996: checking how to hardcode library paths into programs
configure:15021: result: immediate
configure:15085: checking for ANSI C header files
configure:15189: result: yes
configure:15200: checking limits.h usability
configure:15200: gcc -c -g -O2  conftest.c >&5
configure:15200: $? = 0
configure:15200: result: yes
configure:15200: checking limits.h presence
configure:15200: gcc -E  conftest.c
configure:15200: $? = 0
configure:15200: result: yes
configure:15200: checking for limits.h
configure:15200: result: yes
configure:15200: checking malloc.h usability
configure:15200: gcc -c -g -O2  conftest.c >&5
configure:15200: $? = 0
configure:15200: result: yes
configure:15200: checking malloc.h presence
configure:15200: gcc -E  conftest.c
configure:15200: $? = 0
configure:15200: result: yes
configure:15200: checking for malloc.h
configure:15200: result: yes
configure:15211: checking for an ANSI C-conforming const
configure:15276: gcc -c -g -O2  conftest.c >&5
configure:15276: $? = 0
configure:15283: result: yes
configure:15291: checking for size_t
configure:15291: gcc -c -g -O2  conftest.c >&5
configure:15291: $? = 0
configure:15291: gcc -c -g -O2  conftest.c >&5
conftest.c: In function 'main':
conftest.c:62:21: error: expected expression before ')' token
configure:15291: $? = 1
configure: failed program was:
| /* confdefs.h */
| #define PACKAGE_NAME ""
| #define PACKAGE_TARNAME ""
| #define PACKAGE_VERSION ""
| #define PACKAGE_STRING ""
| #define PACKAGE_BUGREPORT ""
| #define PACKAGE_URL ""
| #define PACKAGE "swath"
| #define VERSION "0.3.1"
| #define STDC_HEADERS 1
| #define HAVE_SYS_TYPES_H 1
| #define HAVE_SYS_STAT_H 1
| #define HAVE_STDLIB_H 1
| #define HAVE_STRING_H 1
| #define HAVE_MEMORY_H 1
| #define HAVE_STRINGS_H 1
| #define HAVE_INTTYPES_H 1
| #define HAVE_STDINT_H 1
| #define HAVE_UNISTD_H 1
| #define HAVE_DLFCN_H 1
| #define LT_OBJDIR ".libs/"
| #define STDC_HEADERS 1
| #define HAVE_LIMITS_H 1
| #define HAVE_MALLOC_H 1
| /* end confdefs.h.  */
| #include <stdio.h>
| #ifdef HAVE_SYS_TYPES_H
| # include <sys/types.h>
| #endif
| #ifdef HAVE_SYS_STAT_H
| # include <sys/stat.h>
| #endif
| #ifdef STDC_HEADERS
| # include <stdlib.h>
| # include <stddef.h>
| #else
| # ifdef HAVE_STDLIB_H
| #  include <stdlib.h>
| # endif
| #endif
| #ifdef HAVE_STRING_H
| # if !defined STDC_HEADERS && defined HAVE_MEMORY_H
| #  include <memory.h>
| # endif
| # include <string.h>
| #endif
| #ifdef HAVE_STRINGS_H
| # include <strings.h>
| #endif
| #ifdef HAVE_INTTYPES_H
| # include <inttypes.h>
| #endif
| #ifdef HAVE_STDINT_H
| # include <stdint.h>
| #endif
| #ifdef HAVE_UNISTD_H
| # include <unistd.h>
| #endif
| int
| main ()
| {
| if (sizeof ((size_t)))
| 	    return 0;
|   ;
|   return 0;
| }
configure:15291: result: yes
configure:15305: checking for strstr
configure:15305: gcc -o conftest -g -O2   conftest.c  >&5
conftest.c:49:6: warning: conflicting types for built-in function 'strstr' [enabled by default]
configure:15305: $? = 0
configure:15305: result: yes
configure:15509: creating ./config.status

## ---------------------- ##
## Running config.status. ##
## ---------------------- ##

This file was extended by config.status, which was
generated by GNU Autoconf 2.68.  Invocation command line was

  CONFIG_FILES    = 
  CONFIG_HEADERS  = 
  CONFIG_LINKS    = 
  CONFIG_COMMANDS = 
  $ ./config.status 

on ghis-K55VJ

config.status:1082: creating Makefile
config.status:1082: creating swath.spec
config.status:1082: creating conv/Makefile
config.status:1082: creating misc/Makefile
config.status:1082: creating vmem/Makefile
config.status:1082: creating trie/Makefile
config.status:1082: creating src/Makefile
config.status:1082: creating data/Makefile
config.status:1254: executing depfiles commands
config.status:1254: executing libtool commands

## ---------------- ##
## Cache variables. ##
## ---------------- ##

ac_cv_build=x86_64-unknown-linux-gnu
ac_cv_c_compiler_gnu=yes
ac_cv_c_const=yes
ac_cv_cxx_compiler_gnu=yes
ac_cv_env_CCC_set=
ac_cv_env_CCC_value=
ac_cv_env_CC_set=
ac_cv_env_CC_value=
ac_cv_env_CFLAGS_set=
ac_cv_env_CFLAGS_value=
ac_cv_env_CPPFLAGS_set=
ac_cv_env_CPPFLAGS_value=
ac_cv_env_CPP_set=
ac_cv_env_CPP_value=
ac_cv_env_CXXCPP_set=
ac_cv_env_CXXCPP_value=
ac_cv_env_CXXFLAGS_set=
ac_cv_env_CXXFLAGS_value=
ac_cv_env_CXX_set=
ac_cv_env_CXX_value=
ac_cv_env_LDFLAGS_set=
ac_cv_env_LDFLAGS_value=
ac_cv_env_LIBS_set=
ac_cv_env_LIBS_value=
ac_cv_env_build_alias_set=
ac_cv_env_build_alias_value=
ac_cv_env_host_alias_set=
ac_cv_env_host_alias_value=
ac_cv_env_target_alias_set=
ac_cv_env_target_alias_value=
ac_cv_func_strstr=yes
ac_cv_header_dlfcn_h=yes
ac_cv_header_inttypes_h=yes
ac_cv_header_limits_h=yes
ac_cv_header_malloc_h=yes
ac_cv_header_memory_h=yes
ac_cv_header_stdc=yes
ac_cv_header_stdint_h=yes
ac_cv_header_stdlib_h=yes
ac_cv_header_string_h=yes
ac_cv_header_strings_h=yes
ac_cv_header_sys_stat_h=yes
ac_cv_header_sys_types_h=yes
ac_cv_header_unistd_h=yes
ac_cv_host=x86_64-unknown-linux-gnu
ac_cv_objext=o
ac_cv_path_EGREP='/bin/grep -E'
ac_cv_path_FGREP='/bin/grep -F'
ac_cv_path_GREP=/bin/grep
ac_cv_path_SED=/bin/sed
ac_cv_path_install='/usr/bin/install -c'
ac_cv_path_mkdir=/bin/mkdir
ac_cv_prog_AWK=mawk
ac_cv_prog_CPP='gcc -E'
ac_cv_prog_CXXCPP='g++ -E'
ac_cv_prog_ac_ct_AR=ar
ac_cv_prog_ac_ct_CC=gcc
ac_cv_prog_ac_ct_CXX=g++
ac_cv_prog_ac_ct_MANIFEST_TOOL=mt
ac_cv_prog_ac_ct_OBJDUMP=objdump
ac_cv_prog_ac_ct_RANLIB=ranlib
ac_cv_prog_ac_ct_STRIP=strip
ac_cv_prog_cc_c89=
ac_cv_prog_cc_g=yes
ac_cv_prog_cxx_g=yes
ac_cv_prog_make_make_set=yes
ac_cv_type_size_t=yes
am_cv_CC_dependencies_compiler_type=gcc3
am_cv_CXX_dependencies_compiler_type=gcc3
lt_cv_ar_at_file=@
lt_cv_archive_cmds_need_lc=no
lt_cv_deplibs_check_method=pass_all
lt_cv_file_magic_cmd='$MAGIC_CMD'
lt_cv_file_magic_test_file=
lt_cv_ld_reload_flag=-r
lt_cv_nm_interface='BSD nm'
lt_cv_objdir=.libs
lt_cv_path_LD=/usr/bin/ld
lt_cv_path_LDCXX='/usr/bin/ld -m elf_x86_64'
lt_cv_path_NM='/usr/bin/nm -B'
lt_cv_path_mainfest_tool=no
lt_cv_prog_compiler_c_o=yes
lt_cv_prog_compiler_c_o_CXX=yes
lt_cv_prog_compiler_pic='-fPIC -DPIC'
lt_cv_prog_compiler_pic_CXX='-fPIC -DPIC'
lt_cv_prog_compiler_pic_works=yes
lt_cv_prog_compiler_pic_works_CXX=yes
lt_cv_prog_compiler_rtti_exceptions=no
lt_cv_prog_compiler_static_works=yes
lt_cv_prog_compiler_static_works_CXX=yes
lt_cv_prog_gnu_ld=yes
lt_cv_prog_gnu_ldcxx=yes
lt_cv_sharedlib_from_linklib_cmd='printf %s\n'
lt_cv_shlibpath_overrides_runpath=no
lt_cv_sys_global_symbol_pipe='sed -n -e '\''s/^.*[	 ]\([ABCDGIRSTW][ABCDGIRSTW]*\)[	 ][	 ]*\([_A-Za-z][_A-Za-z0-9]*\)$/\1 \2 \2/p'\'' | sed '\''/ __gnu_lto/d'\'''
lt_cv_sys_global_symbol_to_c_name_address='sed -n -e '\''s/^: \([^ ]*\)[ ]*$/  {\"\1\", (void *) 0},/p'\'' -e '\''s/^[ABCDGIRSTW]* \([^ ]*\) \([^ ]*\)$/  {"\2", (void *) \&\2},/p'\'''
lt_cv_sys_global_symbol_to_c_name_address_lib_prefix='sed -n -e '\''s/^: \([^ ]*\)[ ]*$/  {\"\1\", (void *) 0},/p'\'' -e '\''s/^[ABCDGIRSTW]* \([^ ]*\) \(lib[^ ]*\)$/  {"\2", (void *) \&\2},/p'\'' -e '\''s/^[ABCDGIRSTW]* \([^ ]*\) \([^ ]*\)$/  {"lib\2", (void *) \&\2},/p'\'''
lt_cv_sys_global_symbol_to_cdecl='sed -n -e '\''s/^T .* \(.*\)$/extern int \1();/p'\'' -e '\''s/^[ABCDGIRSTW]* .* \(.*\)$/extern char \1;/p'\'''
lt_cv_sys_max_cmd_len=1572864
lt_cv_to_host_file_cmd=func_convert_file_noop
lt_cv_to_tool_file_cmd=func_convert_file_noop

## ----------------- ##
## Output variables. ##
## ----------------- ##

ACLOCAL='${SHELL} /home/ghis/Workspace/antikobpae/lib/swath/missing --run aclocal-1.11'
AMDEPBACKSLASH='\'
AMDEP_FALSE='#'
AMDEP_TRUE=''
AMTAR='$${TAR-tar}'
AR='ar'
AUTOCONF='${SHELL} /home/ghis/Workspace/antikobpae/lib/swath/missing --run autoconf'
AUTOHEADER='${SHELL} /home/ghis/Workspace/antikobpae/lib/swath/missing --run autoheader'
AUTOMAKE='${SHELL} /home/ghis/Workspace/antikobpae/lib/swath/missing --run automake-1.11'
AWK='mawk'
CC='gcc'
CCDEPMODE='depmode=gcc3'
CFLAGS='-g -O2'
CPP='gcc -E'
CPPFLAGS=' -DNDEBUG'
CXX='g++'
CXXCPP='g++ -E'
CXXDEPMODE='depmode=gcc3'
CXXFLAGS='-g -O2'
CYGPATH_W='echo'
DEFS='-DPACKAGE_NAME=\"\" -DPACKAGE_TARNAME=\"\" -DPACKAGE_VERSION=\"\" -DPACKAGE_STRING=\"\" -DPACKAGE_BUGREPORT=\"\" -DPACKAGE_URL=\"\" -DPACKAGE=\"swath\" -DVERSION=\"0.3.1\" -DSTDC_HEADERS=1 -DHAVE_SYS_TYPES_H=1 -DHAVE_SYS_STAT_H=1 -DHAVE_STDLIB_H=1 -DHAVE_STRING_H=1 -DHAVE_MEMORY_H=1 -DHAVE_STRINGS_H=1 -DHAVE_INTTYPES_H=1 -DHAVE_STDINT_H=1 -DHAVE_UNISTD_H=1 -DHAVE_DLFCN_H=1 -DLT_OBJDIR=\".libs/\" -DSTDC_HEADERS=1 -DHAVE_LIMITS_H=1 -DHAVE_MALLOC_H=1 -DHAVE_STRSTR=1'
DEPDIR='.deps'
DLLTOOL='false'
DSYMUTIL=''
DUMPBIN=''
ECHO_C=''
ECHO_N='-n'
ECHO_T=''
EGREP='/bin/grep -E'
EXEEXT=''
FGREP='/bin/grep -F'
GREP='/bin/grep'
INSTALL_DATA='${INSTALL} -m 644'
INSTALL_PROGRAM='${INSTALL}'
INSTALL_SCRIPT='${INSTALL}'
INSTALL_STRIP_PROGRAM='$(install_sh) -c -s'
ISODATE='2013-02-04'
LD='/usr/bin/ld -m elf_x86_64'
LDFLAGS=''
LIBOBJS=''
LIBS=''
LIBTOOL='$(SHELL) $(top_builddir)/libtool'
LIPO=''
LN_S='ln -s'
LTLIBOBJS=''
MAKEINFO='${SHELL} /home/ghis/Workspace/antikobpae/lib/swath/missing --run makeinfo'
MANIFEST_TOOL=':'
MKDIR_P='/bin/mkdir -p'
NM='/usr/bin/nm -B'
NMEDIT=''
OBJDUMP='objdump'
OBJEXT='o'
OTOOL64=''
OTOOL=''
PACKAGE='swath'
PACKAGE_BUGREPORT=''
PACKAGE_NAME=''
PACKAGE_STRING=''
PACKAGE_TARNAME=''
PACKAGE_URL=''
PACKAGE_VERSION=''
PATH_SEPARATOR=':'
RANLIB='ranlib'
SED='/bin/sed'
SET_MAKE=''
SHELL='/bin/bash'
STRIP='strip'
VERSION='0.3.1'
ac_ct_AR='ar'
ac_ct_CC='gcc'
ac_ct_CXX='g++'
ac_ct_DUMPBIN=''
am__EXEEXT_FALSE=''
am__EXEEXT_TRUE='#'
am__fastdepCC_FALSE='#'
am__fastdepCC_TRUE=''
am__fastdepCXX_FALSE='#'
am__fastdepCXX_TRUE=''
am__include='include'
am__isrc=''
am__leading_dot='.'
am__nodep='_no'
am__quote=''
am__tar='$${TAR-tar} chof - "$$tardir"'
am__untar='$${TAR-tar} xf -'
bindir='${exec_prefix}/bin'
build='x86_64-unknown-linux-gnu'
build_alias=''
build_cpu='x86_64'
build_os='linux-gnu'
build_vendor='unknown'
datadir='${datarootdir}'
datarootdir='${prefix}/share'
docdir='${datarootdir}/doc/${PACKAGE}'
dvidir='${docdir}'
exec_prefix='${prefix}'
host='x86_64-unknown-linux-gnu'
host_alias=''
host_cpu='x86_64'
host_os='linux-gnu'
host_vendor='unknown'
htmldir='${docdir}'
includedir='${prefix}/include'
infodir='${datarootdir}/info'
install_sh='${SHELL} /home/ghis/Workspace/antikobpae/lib/swath/install-sh'
libdir='${exec_prefix}/lib'
libexecdir='${exec_prefix}/libexec'
localedir='${datarootdir}/locale'
localstatedir='${prefix}/var'
mandir='${datarootdir}/man'
mkdir_p='/bin/mkdir -p'
oldincludedir='/usr/include'
pdfdir='${docdir}'
prefix='/usr/local'
program_transform_name='s,x,x,'
psdir='${docdir}'
sbindir='${exec_prefix}/sbin'
sharedstatedir='${prefix}/com'
sysconfdir='${prefix}/etc'
target_alias=''

## ----------- ##
## confdefs.h. ##
## ----------- ##

/* confdefs.h */
#define PACKAGE_NAME ""
#define PACKAGE_TARNAME ""
#define PACKAGE_VERSION ""
#define PACKAGE_STRING ""
#define PACKAGE_BUGREPORT ""
#define PACKAGE_URL ""
#define PACKAGE "swath"
#define VERSION "0.3.1"
#define STDC_HEADERS 1
#define HAVE_SYS_TYPES_H 1
#define HAVE_SYS_STAT_H 1
#define HAVE_STDLIB_H 1
#define HAVE_STRING_H 1
#define HAVE_MEMORY_H 1
#define HAVE_STRINGS_H 1
#define HAVE_INTTYPES_H 1
#define HAVE_STDINT_H 1
#define HAVE_UNISTD_H 1
#define HAVE_DLFCN_H 1
#define LT_OBJDIR ".libs/"
#define STDC_HEADERS 1
#define HAVE_LIMITS_H 1
#define HAVE_MALLOC_H 1
#define HAVE_STRSTR 1

configure: exit 0
